<?xml version="1.0" encoding="UTF-8"?>
<!-- Generated by org.testng.reporters.JUnitXMLReporter -->
<testsuite ignored="2" hostname="DESKTOP-4EUMPTA" failures="0" tests="2" name="Test" time="0.089" errors="0" timestamp="2025-02-18T22:50:04 IST">
  <testcase classname="forMavenTest.ContactTest" name="modifyContactTest" time="0.017"/>
  <testcase classname="forMavenTest.OrganizationTest" name="modifyOrgTest" time="0.002"/>
  <testcase classname="forMavenTest.ContactTest" name="createContactTest" time="0.0">
    <ignored/>
  </testcase> <!-- createContactTest -->
  <testcase classname="forMavenTest.OrganizationTest" name="createOrgTest" time="0.0">
    <ignored/>
  </testcase> <!-- createOrgTest -->
</testsuite> <!-- Test -->
