<?xml version="1.0" encoding="UTF-8"?>
<testsuite xmlns:xsi="http://www.w3.org/2001/XMLSchema-instance" xsi:noNamespaceSchemaLocation="https://maven.apache.org/surefire/maven-surefire-plugin/xsd/surefire-test-report-3.0.xsd" version="3.0" name="forMavenTest.ContactTest" time="0.626" tests="2" errors="0" skipped="0" failures="0">
  <properties>
[...]
</properties>
  <testcase name="createContactTest" classname="forMavenTest.ContactTest" time="0.01">
    <system-out><![CDATA[Contact Created Successfully
]]></system-out>
    <system-err><![CDATA[SLF4J: Failed to load class "org.slf4j.impl.StaticLoggerBinder".
SLF4J: Defaulting to no-operation (NOP) logger implementation
SLF4J: See http://www.slf4j.org/codes.html#StaticLoggerBinder for further details.
]]></system-err>
  </testcase>
  <testcase name="modifyContactTest" classname="forMavenTest.ContactTest" time="0.001">
    <system-out><![CDATA[Contact Modified Successfully
]]></system-out>
  </testcase>
</testsuite>