<?xml version="1.0" encoding="UTF-8"?>
<testng-results ignored="0" total="2" passed="2" failed="0" skipped="0">
  <reporter-output>
    <line>
      <![CDATA[Contact Modified Successfully]]>
    </line>
    <line>
      <![CDATA[Organization Modified Successfully]]>
    </line>
  </reporter-output>
  <suite started-at="2025-02-18T22:50:04 IST" name="Suite" finished-at="2025-02-18T22:50:04 IST" duration-ms="89">
    <groups>
      <group name="RegressionTest">
        <method signature="ContactTest.modifyContactTest()[pri:0, instance:forMavenTest.ContactTest@2cf3d63b]" name="modifyContactTest" class="forMavenTest.ContactTest"/>
        <method signature="OrganizationTest.modifyOrgTest()[pri:0, instance:forMavenTest.OrganizationTest@1cf6d1be]" name="modifyOrgTest" class="forMavenTest.OrganizationTest"/>
      </group> <!-- RegressionTest -->
    </groups>
    <test started-at="2025-02-18T22:50:04 IST" name="Test" finished-at="2025-02-18T22:50:04 IST" duration-ms="89">
      <class name="forMavenTest.ContactTest">
        <test-method signature="modifyContactTest()[pri:0, instance:forMavenTest.ContactTest@2cf3d63b]" started-at="2025-02-18T22:50:04 IST" name="modifyContactTest" finished-at="2025-02-18T22:50:04 IST" duration-ms="17" status="PASS">
          <reporter-output>
            <line>
              <![CDATA[Contact Modified Successfully]]>
            </line>
          </reporter-output>
        </test-method> <!-- modifyContactTest -->
      </class> <!-- forMavenTest.ContactTest -->
      <class name="forMavenTest.OrganizationTest">
        <test-method signature="modifyOrgTest()[pri:0, instance:forMavenTest.OrganizationTest@1cf6d1be]" started-at="2025-02-18T22:50:04 IST" name="modifyOrgTest" finished-at="2025-02-18T22:50:04 IST" duration-ms="2" status="PASS">
          <reporter-output>
            <line>
              <![CDATA[Organization Modified Successfully]]>
            </line>
          </reporter-output>
        </test-method> <!-- modifyOrgTest -->
      </class> <!-- forMavenTest.OrganizationTest -->
    </test> <!-- Test -->
  </suite> <!-- Suite -->
</testng-results>
